<?xml version="1.0" encoding="UTF-8"?>
<!-- Generated by org.testng.reporters.JUnitReportReporter -->
<testsuite hostname="DENOX" failures="0" tests="1" name="sample.example.cia2" time="106.090" errors="0" timestamp="2023-05-04T16:04:14 IST" skipped="0">
  <testcase classname="sample.example.cia2" name="Test" time="106.090"/>
  <system-out/>
</testsuite> <!-- sample.example.cia2 -->
